<?xml version="1.0" encoding="UTF-8"?>
<!-- Generated by org.testng.reporters.JUnitReportReporter -->
<testsuite hostname="Mosab" failures="0" tests="4" name="forthProject.MyTestCases" time="12.529" errors="0" timestamp="2024-10-21T20:27:34 EET" skipped="3">
  <testcase classname="forthProject.MyTestCases" name="AddItemToThecart" time="12.529"/>
  <system-out/>
  <testcase classname="forthProject.MyTestCases" name="Logout">
    <skipped/>
  </testcase> <!-- Logout -->
  <system-out/>
  <testcase classname="forthProject.MyTestCases" name="signUp">
    <skipped/>
  </testcase> <!-- signUp -->
  <system-out/>
  <testcase classname="forthProject.MyTestCases" name="login">
    <skipped/>
  </testcase> <!-- login -->
  <system-out/>
</testsuite> <!-- forthProject.MyTestCases -->
