<?xml version="1.0" encoding="UTF-8"?>
<!-- Generated by org.testng.reporters.JUnitReportReporter -->
<testsuite hostname="Mosab" failures="0" tests="4" name="forthProject.MyTestCases" time="32.130" errors="0" timestamp="2024-10-22T00:23:05 EET" skipped="0">
  <testcase classname="forthProject.MyTestCases" name="signUp" time="8.191"/>
  <system-out/>
  <testcase classname="forthProject.MyTestCases" name="Logout" time="2.667"/>
  <system-out/>
  <testcase classname="forthProject.MyTestCases" name="login" time="6.209"/>
  <system-out/>
  <testcase classname="forthProject.MyTestCases" name="AddItemToThecart" time="15.063"/>
  <system-out/>
</testsuite> <!-- forthProject.MyTestCases -->
